Arguments: 
  /snap/node/3292/bin/node /snap/node/3292/bin/yarn.js global dir

PATH: 
  /usr/lib/node_modules/npm/node_modules/npm-lifecycle/node-gyp-bin:/home/bruno/Desktop/Ase-Project/ase-ventas-mobile/node_modules/.bin:/usr/local/sbin:/usr/local/bin:/usr/sbin:/usr/bin:/sbin:/bin:/usr/games:/usr/local/games:/snap/bin

Yarn version: 
  1.22.5

Node version: 
  12.19.0

Platform: 
  linux x64

Trace: 
  Error: EACCES: permission denied, write
      at writeSync (fs.js:679:3)
      at SyncWriteStream._write (internal/fs/sync_write_stream.js:24:3)
      at doWrite (_stream_writable.js:403:12)
      at writeOrBuffer (_stream_writable.js:387:5)
      at SyncWriteStream.Writable.write (_stream_writable.js:318:11)
      at ConsoleReporter._log (/snap/node/3292/lib/cli.js:96770:17)
      at ConsoleReporter.log (/snap/node/3292/lib/cli.js:96758:10)
      at dir (/snap/node/3292/lib/cli.js:36256:14)
      at Object.<anonymous> (/snap/node/3292/lib/cli.js:25940:25)
      at Generator.next (<anonymous>)

npm manifest: 
  {
    "main": "node_modules/expo/AppEntry.js",
    "scripts": {
      "start": "expo start",
      "android": "expo start --android",
      "ios": "expo start --ios",
      "web": "expo start --web",
      "eject": "expo eject",
      "analizer": "node node_modules/sonarqube-scanner/dist/bin/sonar-scanner"
    },
    "dependencies": {
      "@expo/vector-icons": "^10.0.0",
      "@material-ui/core": "^4.9.10",
      "@material-ui/icons": "^4.9.1",
      "@react-native-async-storage/async-storage": "^1.14.0",
      "@react-native-community/masked-view": "0.1.10",
      "@react-native-community/netinfo": "5.9.2",
      "@react-native-picker/picker": "^1.14.0",
      "@react-navigation/drawer": "^5.7.7",
      "@react-navigation/native": "^5.4.2",
      "@react-navigation/stack": "^5.6.2",
      "axios": "^0.21.1",
      "crypto-js": "^3.1.8",
      "expo": "^38.0.0",
      "expo-camera": "~8.3.1",
      "expo-constants": "^9.1.1",
      "expo-document-picker": "~8.2.1",
      "expo-file-dl": "^1.0.4",
      "expo-file-system": "^10.0.0",
      "expo-image-picker": "~8.3.0",
      "expo-media-library": "~8.2.1",
      "expo-sharing": "~8.2.1",
      "form-data": "^3.0.0",
      "jwt-decode": "^2.2.0",
      "moment-timezone": "^0.5.31",
      "native-base": "2.13.8",
      "react": "16.11.0",
      "react-dom": "16.11.0",
      "react-native": "https://github.com/expo/react-native/archive/sdk-38.0.2.tar.gz",
      "react-native-autocomplete-input": "^4.2.0",
      "react-native-background-timer": "^2.2.0",
      "react-native-flexi-radio-button": "^0.2.2",
      "react-native-floating-action": "^1.21.0",
      "react-native-gesture-handler": "~1.6.0",
      "react-native-masked-text": "^1.13.0",
      "react-native-modal": "^11.5.6",
      "react-native-paper": "^3.10.1",
      "react-native-reanimated": "~1.9.0",
      "react-native-safe-area-context": "~3.0.7",
      "react-native-screens": "~2.9.0",
      "react-native-side-menu": "^1.1.3",
      "react-native-user-inactivity": "^1.2.0",
      "react-native-vector-icons": "^8.0.0",
      "react-native-web": "^0.15.0",
      "react-native-webview": "^11.3.1",
      "react-navigation": "^4.0.10",
      "react-navigation-drawer": "^2.4.13",
      "react-navigation-stack": "^1.10.3",
      "react-redux": "^7.1.3",
      "redux": "^4.0.4",
      "redux-devtools": "^3.5.0",
      "redux-thunk": "^2.3.0",
      "rn-pdf-reader-js": "^4.1.1",
      "sonarqube-scanner": "^2.8.0"
    },
    "devDependencies": {
      "@babel/core": "^7.0.0",
      "babel-preset-expo": "^8.2.3"
    },
    "private": true
  }

yarn manifest: 
  No manifest

Lockfile: 
  No lockfile
